<?xml version="1.0" encoding="utf-8"?><testsuites name="pytest tests"><testsuite name="pytest" errors="0" failures="0" skipped="0" tests="9" time="0.751" timestamp="2026-04-24T20:00:53.193870+00:00" hostname="agent-env-c3f4727e-1860-4763-b75a-90cd84142d21"><testcase classname="backend.tests.backend_test.TestHealth" name="test_health_ok" time="0.271" /><testcase classname="backend.tests.backend_test.TestHealth" name="test_root" time="0.047" /><testcase classname="backend.tests.backend_test.TestKontakt" name="test_kontakt_valid" time="0.053" /><testcase classname="backend.tests.backend_test.TestKontakt" name="test_kontakt_invalid_email" time="0.044" /><testcase classname="backend.tests.backend_test.TestKontakt" name="test_kontakt_missing_fields" time="0.046" /><testcase classname="backend.tests.backend_test.TestKontakt" name="test_kontakt_empty_strings" time="0.045" /><testcase classname="backend.tests.backend_test.TestRegistrierung" name="test_registrierung_valid" time="0.061" /><testcase classname="backend.tests.backend_test.TestRegistrierung" name="test_registrierung_invalid_email" time="0.066" /><testcase classname="backend.tests.backend_test.TestRegistrierung" name="test_registrierung_missing_required" time="0.047" /></testsuite></testsuites>